<?xml version="1.0" encoding="UTF-8"?>
<!-- Generated by org.testng.reporters.JUnitReportReporter -->
<testsuite hostname="Shubham" failures="0" tests="1" name="Test.LoginTest" time="2.113" errors="0" timestamp="23 Jul 2023 15:14:39 GMT">
  <testcase classname="Test.LoginTest" name="TestCase1" time="2.113"/>
</testsuite> <!-- Test.LoginTest -->
