<?xml version="1.0" encoding="UTF-8"?>
<!-- Generated by org.testng.reporters.JUnitReportReporter -->
<testsuite hostname="Shubham" failures="0" tests="1" name="Test.LoginTest" time="2.260" errors="0" timestamp="24 Jul 2023 17:54:52 GMT">
  <testcase classname="Test.LoginTest" name="TestCase1" time="2.260"/>
</testsuite> <!-- Test.LoginTest -->
